1723898617763	addons.xpi	WARN	Checking D:\Program Files\GNU\Zotero7\distribution\extensions for addons

1723898618020	addons.xpi-utils	WARN	addMetadata: Add-on undefined is invalid: Error: Invalid addon ID: expected addon ID undefined, found undefined in manifest(resource://gre/modules/addons/XPIDatabase.jsm:3108:15) JS Stack trace: addMetadata@XPIDatabase.jsm:3108:15
processFileChanges@XPIDatabase.jsm:3569:26
checkForChanges@XPIProvider.jsm:3121:60
startup@XPIProvider.jsm:2532:12
callProvider@AddonManager.sys.mjs:228:31
_startProvider@AddonManager.sys.mjs:536:17
startup@AddonManager.sys.mjs:742:14
startup@AddonManager.sys.mjs:3666:26
observe@amManager.sys.mjs:73:29

[JavaScript Error: "Error: Addon must include an id, version, and type" {file: "resource://gre/modules/addons/XPIProvider.jsm" line: 1723}]

[JavaScript Error: "Error: Addon must include an id, version, and type" {file: "resource://gre/modules/addons/XPIProvider.jsm" line: 1723}]

[JavaScript Error: "Error: Can't find profile directory." {file: "resource://gre/modules/XULStore.sys.mjs" line: 60}]
load@resource://gre/modules/XULStore.sys.mjs:60:15
XULStore@resource://gre/modules/XULStore.sys.mjs:17:10


appName => Zotero, version => 7.0.1-beta.3+ec7ffa8c0 (x64), os => Windows 11 22631, locale => en-US, extensions => OpenH264 Video Codec provided by Cisco Systems, Inc. (1.8.1.1, plugin), Widevine Content Decryption Module provided by Google Inc. (4.10.2557.0, plugin)

=========================================================

(4)(+0000000): PRAGMA foreign_keys = false

(3)(+0000000): HTTP GET resource://zotero/schema/userdata.sql

(3)(+0000001): HTTP GET resource://zotero/schema/userdata.sql succeeded with 200

(4)(+0000001): SELECT 1 FROM itemDataValues WHERE value=0 LIMIT 1

(4)(+0000000): Beginning DB transaction 1Vs1kqbi

(3)(+0000001): HTTP GET resource://zotero/schema/system.sql

(3)(+0000001): HTTP GET resource://zotero/schema/system.sql succeeded with 200

(3)(+0000000): Updating custom tables

(4)(+0000000): PRAGMA foreign_keys

(4)(+0000000): SELECT COUNT(*) FROM sqlite_master WHERE type='table' AND tbl_name=? ['customItemTypes']

(4)(+0000001): DELETE FROM itemTypesCombined

(4)(+0000000): DELETE FROM fieldsCombined

(4)(+0000001): DELETE FROM itemTypeFieldsCombined

(4)(+0000000): DELETE FROM baseFieldMappingsCombined

(4)(+0000001): INSERT INTO itemTypesCombined SELECT itemTypeID, typeName, display, 0 AS custom FROM itemTypes UNION SELECT customItemTypeID + 10000 AS itemTypeID, typeName, display, 1 AS custom FROM customItemTypes

(4)(+0000000): INSERT INTO fieldsCombined SELECT fieldID, fieldName, NULL AS label, fieldFormatID, 0 AS custom FROM fields UNION SELECT customFieldID + 10000 AS fieldID, fieldName, label, NULL, 1 AS custom FROM customFields

(4)(+0000000): INSERT INTO itemTypeFieldsCombined SELECT itemTypeID, fieldID, hide, orderIndex FROM itemTypeFields UNION SELECT customItemTypeID + 10000 AS itemTypeID, COALESCE(fieldID, customFieldID + 10000) AS fieldID, hide, orderIndex FROM customItemTypeFields

(4)(+0000001): INSERT INTO baseFieldMappingsCombined SELECT itemTypeID, baseFieldID, fieldID FROM baseFieldMappings UNION SELECT customItemTypeID + 10000 AS itemTypeID, baseFieldID, customFieldID + 10000 AS fieldID FROM customBaseFieldMappings

(3)(+0000000): HTTP GET resource://zotero/schema/userdata.sql

(3)(+0000001): HTTP GET resource://zotero/schema/userdata.sql succeeded with 200

(3)(+0000000): Updating user data tables from version 122 to 123

(4)(+0000000): CREATE INDEX itemData_valueID ON itemData(valueID)

(4)(+0000000): REPLACE INTO version (schema,version) VALUES (?,?) ['userdata', 123]

(4)(+0000000): SELECT version FROM version WHERE schema='triggers'

(3)(+0000000): HTTP GET resource://zotero/schema/triggers.sql

(3)(+0000001): HTTP GET resource://zotero/schema/triggers.sql succeeded with 200

(3)(+0000000): Updating custom tables

(4)(+0000000): PRAGMA foreign_keys

(4)(+0000001): DELETE FROM itemTypesCombined

(4)(+0000000): DELETE FROM fieldsCombined

(4)(+0000000): DELETE FROM itemTypeFieldsCombined

(4)(+0000000): DELETE FROM baseFieldMappingsCombined

(4)(+0000000): INSERT INTO itemTypesCombined SELECT itemTypeID, typeName, display, 0 AS custom FROM itemTypes UNION SELECT customItemTypeID + 10000 AS itemTypeID, typeName, display, 1 AS custom FROM customItemTypes

(4)(+0000000): INSERT INTO fieldsCombined SELECT fieldID, fieldName, NULL AS label, fieldFormatID, 0 AS custom FROM fields UNION SELECT customFieldID + 10000 AS fieldID, fieldName, label, NULL, 1 AS custom FROM customFields

(4)(+0000000): INSERT INTO itemTypeFieldsCombined SELECT itemTypeID, fieldID, hide, orderIndex FROM itemTypeFields UNION SELECT customItemTypeID + 10000 AS itemTypeID, COALESCE(fieldID, customFieldID + 10000) AS fieldID, hide, orderIndex FROM customItemTypeFields

(4)(+0000001): INSERT INTO baseFieldMappingsCombined SELECT itemTypeID, baseFieldID, fieldID FROM baseFieldMappings UNION SELECT customItemTypeID + 10000 AS itemTypeID, baseFieldID, customFieldID + 10000 AS fieldID FROM customBaseFieldMappings

(4)(+0000010): Committed DB transaction 1Vs1kqbi

(3)(+0000000): Checking database schema integrity

(4)(+0000000): SELECT COUNT(*) FROM fieldsCombined

(4)(+0000000): SELECT COUNT(*) FROM itemTypeFieldsCombined

(4)(+0000001): SELECT itemTypeID FROM itemTypes WHERE typeName='attachment'

(4)(+0000000): SELECT itemTypeID FROM itemTypes WHERE typeName='note'

(4)(+0000000): SELECT itemTypeID FROM itemTypes WHERE typeName='annotation'

(4)(+0000001): SELECT CASE type WHEN 'table' THEN 'table:' || tbl_name WHEN 'index' THEN 'index:' || name WHEN 'trigger' THEN 'trigger:' || name END FROM sqlite_master WHERE type IN ('table', 'index', 'trigger')

(3)(+0000001): HTTP GET resource://zotero/schema/userdata.sql

(3)(+0000001): HTTP GET resource://zotero/schema/userdata.sql succeeded with 200

(4)(+0000001): PRAGMA foreign_key_check

(4)(+0000003): SELECT COUNT(*) > 0 FROM items WHERE itemTypeID IS NULL

(4)(+0000000): SELECT COUNT(*) > 0 FROM itemAttachments JOIN items USING (itemID) WHERE itemTypeID != 3

(4)(+0000000): SELECT COUNT(*) > 0 FROM itemData WHERE fieldID NOT IN (SELECT fieldID FROM itemTypeFieldsCombined WHERE itemTypeID=(SELECT itemTypeID FROM items WHERE itemID=itemData.itemID))

(4)(+0000001): SELECT COUNT(*) > 0 FROM items WHERE itemTypeID=3 AND itemID NOT IN (SELECT itemID FROM itemAttachments)

(4)(+0000001): SELECT COUNT(*) > 0 FROM itemAttachments WHERE parentItemID IN (SELECT itemID FROM items WHERE itemTypeID=28) AND linkMode != 4

(4)(+0000000): SELECT COUNT(*) > 0 FROM itemAttachments WHERE parentItemID IN (SELECT itemID FROM items WHERE itemTypeID IN (3, 1))

(4)(+0000000): SELECT COUNT(*) > 0 FROM itemNotes WHERE parentItemID IN (SELECT itemID FROM items WHERE itemTypeID IN (28, 3, 1))

(4)(+0000001): SELECT COUNT(*) > 0 FROM creators WHERE firstName='' AND lastName=''

(4)(+0000000): SELECT COUNT(*) > 0 FROM fulltextItemWords WHERE itemID NOT IN (SELECT itemID FROM items WHERE itemTypeID=3)

(4)(+0000002): SELECT COUNT(*) > 0 FROM fulltextItems WHERE itemID NOT IN (SELECT itemID FROM items WHERE itemTypeID=3)

(4)(+0000000): SELECT COUNT(*) > 0 FROM itemAttachments WHERE linkMode NOT IN (0,1,2,3,4)

(4)(+0000001): SELECT COUNT(*) > 0 FROM creators WHERE fieldMode = 1 AND firstName != ''

(4)(+0000000): SELECT COUNT(*) > 0 FROM settings WHERE setting='account' AND key='userID' AND TYPEOF(value)='text'

(4)(+0000000): SELECT collectionID, parentCollectionID FROM collections

(4)(+0000001): DELETE FROM settings WHERE setting='db' AND key='integrityCheck'

(4)(+0000000): Beginning DB transaction BpjvNGne

(3)(+0000000): Updating global schema to version 31

(4)(+0000001): SELECT COALESCE(MAX(collectionID) + 1, 1) FROM collections

(4)(+0000000): SELECT COALESCE(MAX(creatorID) + 1, 1) FROM creators

(4)(+0000000): SELECT COALESCE(MAX(creatorTypeID) + 1, 1) FROM creatorTypes

(4)(+0000000): SELECT COALESCE(MAX(customFieldID) + 1, 1) FROM customFields

(4)(+0000000): SELECT COALESCE(MAX(customItemTypeID) + 1, 1) FROM customItemTypes

(4)(+0000001): SELECT COALESCE(MAX(fieldID) + 1, 1) FROM fields

(4)(+0000000): SELECT COALESCE(MAX(valueID) + 1, 1) FROM itemDataValues

(4)(+0000000): SELECT COALESCE(MAX(itemTypeID) + 1, 1) FROM itemTypes

(4)(+0000001): SELECT COALESCE(MAX(itemID) + 1, 1) FROM items

(4)(+0000000): SELECT COALESCE(MAX(libraryID) + 1, 1) FROM libraries

(4)(+0000001): SELECT COALESCE(MAX(proxyID) + 1, 1) FROM proxies

(4)(+0000000): SELECT COALESCE(MAX(savedSearchID) + 1, 1) FROM savedSearches

(4)(+0000001): SELECT COALESCE(MAX(tagID) + 1, 1) FROM tags

(4)(+0000000): SELECT itemTypeID AS id, typeName AS name FROM itemTypes

(4)(+0000000): SELECT fieldID AS id, fieldName AS name FROM fields

(4)(+0000001): SELECT creatorTypeID AS id, creatorType AS name FROM creatorTypes

(4)(+0000002): DELETE FROM itemTypeFields

(4)(+0000000): DELETE FROM baseFieldMappings

(4)(+0000001): DELETE FROM itemTypeCreatorTypes

(4)(+0000000): INSERT INTO itemTypeFields VALUES (2, 1, 0, 0), (2, 2, 0, 1), (2, 3, 0, 2), (2, 5, 0, 3), (2, 6, 0, 4), (2, 7, 0, 5), (2, 8, 0, 6), (2, 9, 0, 7), (2, 10, 0, 8), (2, 11, 0, 9), (2, 12, 0, 10), (2, 13, 0, 11), (2, 14, 0, 12), (2, 15, 0, 13), (2, 16, 0, 14), (3, 1, 0, 0), (3, 14, 0, 1), (3, 13, 0, 2), (4, 1, 0, 0), (4, 2, 0, 1), (4, 17, 0, 2), (4, 18, 0, 3), (4, 19, 0, 4), (4, 20, 0, 5), (4, 21, 0, 6), (4, 22, 0, 7), (4, 6, 0, 8), (4, 24, 0, 9), (4, 7, 0, 10), (4, 25, 0, 11), (4, 8, 0, 12), (4, 9, 0, 13), (4, 10, 0, 14), (4, 11, 0, 15), (4, 12, 0, 16), (4, 13, 0, 17), (4, 14, 0, 18), (4, 15, 0, 19), (4, 16, 0, 20), (5, 1, 0, 0), (5, 2, 0, 1), (5, 26, 0, 2), (5, 28, 0, 3), (5, 29, 0, 4), (5, 30, 0, 5), (5, 31, 0, 6), (5, 33, 0, 7), (5, 35, 0, 8), (5, 36, 0, 9), (5, 6, 0, 10), (5, 7, 0, 11), (5, 13, 0, 12), (5, 14, 0, 13), (5, 8, 0, 14), (5, 15, 0, 15), (5, 16, 0, 16), (6, 1, 0, 0), (6, 2, 0, 1), (6, 37, 0, 2), (6, 39, 0, 3), (6, 6, 0, 4), (6, 13, 0, 5), (6, 14, 0, 6), (6, 7, 0, 7), (6, 8, 0, 8), (6, 15, 0, 9), (6, 16, 0, 10), (7, 1, 0, 0), (7, 2, 0, 1), (7, 41, 0, 2), (7, 42, 0, 3), (7, 19, 0, 4), (7, 20, 0, 5), (7, 43, 0, 6), (7, 21, 0, 7), (7, 23, 0, 8), (7, 6, 0, 9), (7, 44, 0, 10), (7, 7, 0, 11), (7, 25, 0, 12), (7, 8, 0, 13), (7, 13, 0, 14), (7, 14, 0, 15), (7, 9, 0, 16), (7, 10, 0, 17), (7, 11, 0, 18), (7, 12, 0, 19), (7, 15, 0, 20), (7, 16, 0, 21), (8, 1, 0, 0), (8, 2, 0, 1), (8, 45, 0, 2), (8, 41, 0, 3), (8, 42, 0, 4), (8, 19, 0, 5), (8, 20, 0, 6), (8, 43, 0, 7), (8, 21, 0, 8), (8, 23, 0, 9), (8, 6, 0, 10), (8, 32, 0, 11), (8, 7, 0, 12), (8, 25, 0, 13), (8, 8, 0, 14), (8, 13, 0, 15), (8, 14, 0, 16), (8, 9, 0, 17), (8, 10, 0, 18), (8, 11, 0, 19), (8, 12, 0, 20), (8, 15, 0, 21), (8, 16, 0, 22), (9, 46, 0, 0), (9, 2, 0, 1), (9, 47, 0, 2), (9, 48, 0, 3), (9, 49, 0, 4), (9, 50, 0, 5), (9, 51, 0, 6), (9, 52, 0, 7), (9, 36, 0, 8), (9, 7, 0, 9), (9, 8, 0, 10), (9, 13, 0, 11), (9, 14, 0, 12), (9, 15, 0, 13), (9, 16, 0, 14), (10, 1, 0, 0), (10, 2, 0, 1), (10, 18, 0, 2), (10, 53, 0, 3), (10, 6, 0, 4), (10, 54, 0, 5), (10, 21, 0, 6), (10, 55, 0, 7), (10, 56, 0, 8), (10, 25, 0, 9), (10, 8, 0, 10), (10, 13, 0, 11), (10, 15, 0, 12), (10, 9, 0, 13), (10, 10, 0, 14), (10, 11, 0, 15), (10, 12, 0, 16), (10, 14, 0, 17), (10, 16, 0, 18), (11, 1, 0, 0), (11, 2, 0, 1), (11, 6, 0, 2), (11, 57, 0, 3), (11, 58, 0, 4), (11, 21, 0, 5), (11, 23, 0, 6), (11, 19, 0, 7), (11, 32, 0, 8), (11, 41, 0, 9), (11, 7, 0, 10), (11, 59, 0, 11), (11, 25, 0, 12), (11, 8, 0, 13), (11, 13, 0, 14), (11, 14, 0, 15), (11, 9, 0, 16), (11, 10, 0, 17), (11, 11, 0, 18), (11, 12, 0, 19), (11, 15, 0, 20), (11, 16, 0, 21), (12, 1, 0, 0), (12, 2, 0, 1), (12, 60, 0, 2), (12, 40, 0, 3), (12, 53, 0, 4), (12, 6, 0, 5), (12, 61, 0, 6), (12, 62, 0, 7), (12, 63, 0, 8), (12, 59, 0, 9), (12, 64, 0, 10), (12, 13, 0, 11), (12, 14, 0, 12), (12, 9, 0, 13), (12, 10, 0, 14), (12, 8, 0, 15), (12, 7, 0, 16), (12, 11, 0, 17), (12, 12, 0, 18), (12, 15, 0, 19), (12, 16, 0, 20), (13, 1, 0, 0), (13, 2, 0, 1), (13, 65, 0, 2), (13, 41, 0, 3), (13, 42, 0, 4), (13, 19, 0, 5), (13, 20, 0, 6), (13, 43, 0, 7), (13, 21, 0, 8), (13, 23, 0, 9), (13, 6, 0, 10), (13, 32, 0, 11), (13, 7, 0, 12), (13, 25, 0, 13), (13, 8, 0, 14), (13, 13, 0, 15), (13, 14, 0, 16), (13, 9, 0, 17), (13, 10, 0, 18), (13, 11, 0, 19), (13, 12, 0, 20), (13, 15, 0, 21), (13, 16, 0, 22), (14, 1, 0, 0), (14, 2, 0, 1), (14, 23, 0, 2), (14, 6, 0, 3), (14, 7, 0, 4), (14, 8, 0, 5), (14, 13, 0, 6), (14, 14, 0, 7), (14, 9, 0, 8), (14, 10, 0, 9), (14, 11, 0, 10), (14, 12, 0, 11), (14, 15, 0, 12), (14, 16, 0, 13), (15, 66, 0, 0), (15, 2, 0, 1), (15, 6, 0, 2), (15, 8, 0, 3), (15, 13, 0, 4), (15, 14, 0, 5), (15, 7, 0, 6), (15, 15, 0, 7), (15, 16, 0, 8), (16, 1, 0, 0), (16, 2, 0, 1), (16, 67, 0, 2), (16, 41, 0, 3), (16, 42, 0, 4), (16, 19, 0, 5), (16, 20, 0, 6), (16, 43, 0, 7), (16, 21, 0, 8), (16, 23, 0, 9), (16, 6, 0, 10), (16, 32, 0, 11), (16, 25, 0, 12), (16, 8, 0, 13), (16, 13, 0, 14), (16, 14, 0, 15), (16, 7, 0, 16), (16, 9, 0, 17), (16, 10, 0, 18), (16, 11, 0, 19), (16, 12, 0, 20), (16, 15, 0, 21), (16, 16, 0, 22), (17, 1, 0, 0), (17, 2, 0, 1), (17, 68, 0, 2), (17, 6, 0, 3), (17, 69, 0, 4), (17, 70, 0, 5), (17, 24, 0, 6), (17, 7, 0, 7), (17, 8, 0, 8), (17, 13, 0, 9), (17, 14, 0, 10), (17, 9, 0, 11), (17, 10, 0, 12), (17, 11, 0, 13), (17, 12, 0, 14), (17, 15, 0, 15), (17, 16, 0, 16), (18, 1, 0, 0), (18, 2, 0, 1), (18, 71, 0, 2), (18, 72, 0, 3), (18, 6, 0, 4), (18, 7, 0, 5), (18, 8, 0, 6), (18, 13, 0, 7), (18, 14, 0, 8), (18, 15, 0, 9), (18, 16, 0, 10), (19, 1, 0, 0), (19, 2, 0, 1), (19, 73, 0, 2), (19, 21, 0, 3), (19, 23, 0, 4), (19, 20, 0, 5), (19, 74, 0, 6), (19, 32, 0, 7), (19, 33, 0, 8), (19, 35, 0, 9), (19, 36, 0, 10), (19, 6, 0, 11), (19, 7, 0, 12), (19, 8, 0, 13), (19, 13, 0, 14), (19, 14, 0, 15), (19, 15, 0, 16), (19, 16, 0, 17), (20, 1, 0, 0), (20, 2, 0, 1), (20, 6, 0, 2), (20, 7, 0, 3), (20, 8, 0, 4), (20, 13, 0, 5), (20, 14, 0, 6), (20, 15, 0, 7), (20, 16, 0, 8), (21, 1, 0, 0), (21, 2, 0, 1), (21, 6, 0, 2), (21, 75, 0, 3), (21, 7, 0, 4), (21, 8, 0, 5), (21, 13, 0, 6), (21, 14, 0, 7), (21, 9, 0, 8), (21, 10, 0, 9), (21, 11, 0, 10), (21, 12, 0, 11), (21, 15, 0, 12), (21, 16, 0, 13), (22, 1, 0, 0), (22, 2, 0, 1), (22, 38, 0, 2), (22, 19, 0, 3), (22, 76, 0, 4), (22, 32, 0, 5), (22, 6, 0, 6), (22, 41, 0, 7), (22, 18, 0, 8), (22, 77, 0, 9), (22, 78, 0, 10), (22, 7, 0, 11), (22, 59, 0, 12), (22, 79, 0, 13), (22, 8, 0, 14), (22, 13, 0, 15), (22, 14, 0, 16), (22, 9, 0, 17), (22, 10, 0, 18), (22, 11, 0, 19), (22, 12, 0, 20), (22, 15, 0, 21), (22, 16, 0, 22), (23, 1, 0, 0), (23, 2, 0, 1), (23, 80, 0, 2), (23, 6, 0, 3), (23, 7, 0, 4), (23, 8, 0, 5), (23, 13, 0, 6), (23, 14, 0, 7), (23, 9, 0, 8), (23, 10, 0, 9), (23, 11, 0, 10), (23, 12, 0, 11), (23, 15, 0, 12), (23, 16, 0, 13), (24, 1, 0, 0), (24, 2, 0, 1), (24, 38, 0, 2), (24, 19, 0, 3), (24, 76, 0, 4), (24, 6, 0, 5), (24, 32, 0, 6), (24, 7, 0, 7), (24, 79, 0, 8), (24, 8, 0, 9), (24, 13, 0, 10), (24, 14, 0, 11), (24, 9, 0, 12), (24, 10, 0, 13), (24, 11, 0, 14), (24, 12, 0, 15), (24, 15, 0, 16), (24, 16, 0, 17), (25, 1, 0, 0), (25, 2, 0, 1), (25, 81, 0, 2), (25, 21, 0, 3), (25, 6, 0, 4), (25, 44, 0, 5), (25, 7, 0, 6), (25, 8, 0, 7), (25, 13, 0, 8), (25, 14, 0, 9), (25, 9, 0, 10), (25, 10, 0, 11), (25, 11, 0, 12), (25, 12, 0, 13), (25, 15, 0, 14), (25, 16, 0, 15), (26, 1, 0, 0), (26, 2, 0, 1), (26, 82, 0, 2), (26, 83, 0, 3), (26, 18, 0, 4), (26, 43, 0, 5), (26, 21, 0, 6), (26, 23, 0, 7), (26, 6, 0, 8), (26, 7, 0, 9), (26, 25, 0, 10), (26, 8, 0, 11), (26, 13, 0, 12), (26, 14, 0, 13), (26, 9, 0, 14), (26, 10, 0, 15), (26, 11, 0, 16), (26, 12, 0, 17), (26, 15, 0, 18), (26, 16, 0, 19), (27, 1, 0, 0), (27, 2, 0, 1), (27, 38, 0, 2), (27, 21, 0, 3), (27, 43, 0, 4), (27, 6, 0, 5), (27, 30, 0, 6), (27, 32, 0, 7), (27, 7, 0, 8), (27, 8, 0, 9), (27, 79, 0, 10), (27, 13, 0, 11), (27, 14, 0, 12), (27, 9, 0, 13), (27, 10, 0, 14), (27, 11, 0, 15), (27, 12, 0, 16), (27, 15, 0, 17), (27, 16, 0, 18), (29, 1, 0, 0), (29, 2, 0, 1), (29, 21, 0, 2), (29, 84, 0, 3), (29, 85, 0, 4), (29, 86, 0, 5), (29, 87, 0, 6), (29, 88, 0, 7), (29, 32, 0, 8), (29, 89, 0, 9), (29, 90, 0, 10), (29, 91, 0, 11), (29, 92, 0, 12), (29, 93, 0, 13), (29, 7, 0, 14), (29, 8, 0, 15), (29, 13, 0, 16), (29, 14, 0, 17), (29, 15, 0, 18), (29, 16, 0, 19), (30, 1, 0, 0), (30, 2, 0, 1), (30, 18, 0, 2), (30, 95, 0, 3), (30, 96, 0, 4), (30, 24, 0, 5), (30, 13, 0, 6), (30, 14, 0, 7), (30, 7, 0, 8), (30, 8, 0, 9), (30, 15, 0, 10), (30, 16, 0, 11), (31, 1, 0, 0), (31, 2, 0, 1), (31, 69, 0, 2), (31, 61, 0, 3), (31, 97, 0, 4), (31, 21, 0, 5), (31, 6, 0, 6), (31, 41, 0, 7), (31, 42, 0, 8), (31, 59, 0, 9), (31, 64, 0, 10), (31, 13, 0, 11), (31, 14, 0, 12), (31, 9, 0, 13), (31, 10, 0, 14), (31, 8, 0, 15), (31, 7, 0, 16), (31, 11, 0, 17), (31, 12, 0, 18), (31, 15, 0, 19), (31, 16, 0, 20), (32, 1, 0, 0), (32, 2, 0, 1), (32, 98, 0, 2), (32, 6, 0, 3), (32, 21, 0, 4), (32, 99, 0, 5), (32, 13, 0, 6), (32, 14, 0, 7), (32, 7, 0, 8), (32, 8, 0, 9), (32, 15, 0, 10), (32, 16, 0, 11), (33, 1, 0, 0), (33, 2, 0, 1), (33, 100, 0, 2), (33, 95, 0, 3), (33, 17, 0, 4), (33, 21, 0, 5), (33, 101, 0, 6), (33, 6, 0, 7), (33, 24, 0, 8), (33, 7, 0, 9), (33, 8, 0, 10), (33, 13, 0, 11), (33, 14, 0, 12), (33, 9, 0, 13), (33, 10, 0, 14), (33, 11, 0, 15), (33, 12, 0, 16), (33, 15, 0, 17), (33, 16, 0, 18), (34, 1, 0, 0), (34, 2, 0, 1), (34, 102, 0, 2), (34, 103, 0, 3), (34, 18, 0, 4), (34, 21, 0, 5), (34, 104, 0, 6), (34, 6, 0, 7), (34, 32, 0, 8), (34, 7, 0, 9), (34, 8, 0, 10), (34, 13, 0, 11), (34, 14, 0, 12), (34, 9, 0, 13), (34, 10, 0, 14), (34, 11, 0, 15), (34, 12, 0, 16), (34, 15, 0, 17), (34, 16, 0, 18), (35, 1, 0, 0), (35, 2, 0, 1), (35, 105, 0, 2), (35, 73, 0, 3), (35, 40, 0, 4), (35, 27, 0, 5), (35, 53, 0, 6), (35, 94, 0, 7), (35, 6, 0, 8), (35, 23, 0, 9), (35, 21, 0, 10), (35, 59, 0, 11), (35, 64, 0, 12), (35, 13, 0, 13), (35, 14, 0, 14), (35, 9, 0, 15), (35, 10, 0, 16), (35, 8, 0, 17), (35, 44, 0, 18), (35, 7, 0, 19), (35, 11, 0, 20), (35, 12, 0, 21), (35, 15, 0, 22), (35, 16, 0, 23), (36, 106, 0, 0), (36, 2, 0, 1), (36, 28, 0, 2), (36, 107, 0, 3), (36, 108, 0, 4), (36, 109, 0, 5), (36, 32, 0, 6), (36, 30, 0, 7), (36, 35, 0, 8), (36, 36, 0, 9), (36, 7, 0, 10), (36, 8, 0, 11), (36, 13, 0, 12), (36, 14, 0, 13), (36, 15, 0, 14), (36, 16, 0, 15), (37, 1, 0, 0), (37, 2, 0, 1), (37, 110, 0, 2), (37, 111, 0, 3), (37, 21, 0, 4), (37, 6, 0, 5), (37, 44, 0, 6), (37, 7, 0, 7), (37, 8, 0, 8), (37, 13, 0, 9), (37, 14, 0, 10), (37, 9, 0, 11), (37, 10, 0, 12), (37, 11, 0, 13), (37, 12, 0, 14), (37, 15, 0, 15), (37, 16, 0, 16), (38, 1, 0, 0), (38, 2, 0, 1), (38, 100, 0, 2), (38, 95, 0, 3), (38, 70, 0, 4), (38, 21, 0, 5), (38, 101, 0, 6), (38, 6, 0, 7), (38, 24, 0, 8), (38, 7, 0, 9), (38, 8, 0, 10), (38, 13, 0, 11), (38, 14, 0, 12), (38, 9, 0, 13), (38, 10, 0, 14), (38, 11, 0, 15), (38, 12, 0, 16), (38, 15, 0, 17), (38, 16, 0, 18), (39, 1, 0, 0), (39, 2, 0, 1), (39, 70, 0, 2), (39, 18, 0, 3), (39, 19, 0, 4), (39, 20, 0, 5), (39, 21, 0, 6), (39, 112, 0, 7), (39, 6, 0, 8), (39, 24, 0, 9), (39, 7, 0, 10), (39, 25, 0, 11), (39, 8, 0, 12), (39, 13, 0, 13), (39, 14, 0, 14), (39, 9, 0, 15), (39, 10, 0, 16), (39, 11, 0, 17), (39, 12, 0, 18), (39, 15, 0, 19), (39, 16, 0, 20), (40, 1, 0, 0), (40, 2, 0, 1), (40, 113, 0, 2), (40, 39, 0, 3), (40, 6, 0, 4), (40, 8, 0, 5), (40, 13, 0, 6), (40, 14, 0, 7), (40, 7, 0, 8), (40, 15, 0, 9), (40, 16, 0, 10)

(4)(+0000001): INSERT INTO baseFieldMappings VALUES (2, 4, 3), (4, 4, 17), (4, 23, 22), (5, 27, 26), (5, 19, 29), (5, 32, 31), (5, 34, 33), (6, 38, 37), (6, 40, 39), (8, 38, 45), (9, 1, 46), (9, 34, 47), (9, 6, 48), (9, 27, 49), (9, 19, 51), (9, 32, 52), (10, 23, 55), (11, 38, 57), (12, 27, 60), (12, 23, 61), (12, 21, 62), (12, 4, 63), (13, 38, 65), (15, 1, 66), (16, 38, 67), (17, 23, 68), (17, 40, 69), (17, 4, 70), (18, 38, 71), (18, 40, 72), (19, 27, 74), (19, 34, 33), (21, 4, 75), (23, 40, 80), (25, 40, 81), (26, 40, 82), (29, 34, 86), (29, 27, 87), (29, 6, 91), (29, 94, 93), (30, 27, 95), (30, 4, 96), (31, 40, 69), (31, 23, 61), (31, 27, 97), (32, 40, 98), (33, 38, 100), (33, 27, 95), (33, 4, 17), (33, 23, 101), (34, 27, 102), (34, 40, 103), (34, 23, 104), (35, 34, 105), (36, 1, 106), (36, 27, 108), (36, 6, 109), (37, 40, 110), (37, 23, 111), (38, 38, 100), (38, 27, 95), (38, 4, 70), (38, 23, 101), (39, 4, 70), (39, 23, 112), (40, 38, 113), (40, 40, 39)

(4)(+0000000): INSERT INTO itemTypeCreatorTypes VALUES (2, 1, 1), (2, 2, 0), (4, 3, 1), (4, 2, 0), (4, 4, 0), (4, 5, 0), (5, 6, 1), (5, 7, 0), (5, 2, 0), (6, 8, 1), (6, 9, 0), (6, 2, 0), (7, 8, 1), (7, 2, 0), (7, 10, 0), (7, 11, 0), (7, 12, 0), (8, 8, 1), (8, 2, 0), (8, 10, 0), (8, 13, 0), (8, 11, 0), (8, 12, 0), (9, 8, 1), (9, 14, 0), (9, 2, 0), (10, 15, 1), (10, 2, 0), (11, 8, 1), (11, 2, 0), (11, 10, 0), (11, 11, 0), (11, 12, 0), (12, 8, 1), (12, 2, 0), (13, 8, 1), (13, 2, 0), (13, 10, 0), (13, 11, 0), (13, 12, 0), (14, 8, 1), (14, 2, 0), (14, 10, 0), (14, 11, 0), (14, 16, 0), (15, 8, 1), (15, 2, 0), (15, 17, 0), (16, 8, 1), (16, 2, 0), (16, 10, 0), (16, 11, 0), (16, 12, 0), (17, 18, 1), (17, 2, 0), (17, 19, 0), (17, 20, 0), (18, 8, 1), (18, 2, 0), (19, 2, 1), (20, 8, 1), (20, 2, 0), (20, 17, 0), (21, 21, 1), (21, 2, 0), (21, 22, 0), (21, 11, 0), (22, 8, 1), (22, 2, 0), (22, 10, 0), (22, 11, 0), (22, 16, 0), (23, 8, 1), (23, 2, 0), (23, 17, 0), (24, 8, 1), (24, 2, 0), (24, 11, 0), (24, 16, 0), (25, 8, 1), (25, 2, 0), (25, 11, 0), (26, 23, 1), (26, 2, 0), (26, 12, 0), (27, 8, 1), (27, 2, 0), (27, 11, 0), (27, 16, 0), (29, 24, 1), (29, 25, 0), (29, 2, 0), (30, 26, 1), (30, 2, 0), (30, 27, 0), (31, 8, 1), (31, 2, 0), (31, 10, 0), (31, 11, 0), (31, 16, 0), (32, 28, 1), (32, 2, 0), (33, 18, 1), (33, 19, 0), (33, 20, 0), (33, 29, 0), (33, 2, 0), (33, 27, 0), (34, 8, 1), (34, 2, 0), (34, 11, 0), (34, 12, 0), (35, 8, 1), (35, 2, 0), (36, 8, 1), (36, 2, 0), (37, 8, 1), (37, 2, 0), (38, 18, 1), (38, 19, 0), (38, 20, 0), (38, 29, 0), (38, 2, 0), (38, 27, 0), (39, 18, 1), (39, 19, 0), (39, 20, 0), (39, 29, 0), (39, 2, 0), (40, 8, 1), (40, 2, 0), (40, 11, 0)

(4)(+0000038): REPLACE INTO settings VALUES ('globalSchema', 'data', :data)

(4)(+0000001): REPLACE INTO version (schema,version) VALUES (?,?) ['globalSchema', 31]

(3)(+0000000): HTTP GET resource://zotero/schema/global/schema.json

(3)(+0000002): HTTP GET resource://zotero/schema/global/schema.json succeeded with 200

(3)(+0000002): Updating custom tables

(4)(+0000000): PRAGMA foreign_keys

(4)(+0000000): DELETE FROM itemTypesCombined

(4)(+0000001): DELETE FROM fieldsCombined

(4)(+0000000): DELETE FROM itemTypeFieldsCombined

(4)(+0000002): DELETE FROM baseFieldMappingsCombined

(4)(+0000000): INSERT INTO itemTypesCombined SELECT itemTypeID, typeName, display, 0 AS custom FROM itemTypes UNION SELECT customItemTypeID + 10000 AS itemTypeID, typeName, display, 1 AS custom FROM customItemTypes

(4)(+0000000): INSERT INTO fieldsCombined SELECT fieldID, fieldName, NULL AS label, fieldFormatID, 0 AS custom FROM fields UNION SELECT customFieldID + 10000 AS fieldID, fieldName, label, NULL, 1 AS custom FROM customFields

(4)(+0000001): INSERT INTO itemTypeFieldsCombined SELECT itemTypeID, fieldID, hide, orderIndex FROM itemTypeFields UNION SELECT customItemTypeID + 10000 AS itemTypeID, COALESCE(fieldID, customFieldID + 10000) AS fieldID, hide, orderIndex FROM customItemTypeFields

(4)(+0000000): INSERT INTO baseFieldMappingsCombined SELECT itemTypeID, baseFieldID, fieldID FROM baseFieldMappings UNION SELECT customItemTypeID + 10000 AS itemTypeID, baseFieldID, customFieldID + 10000 AS fieldID FROM customBaseFieldMappings

(4)(+0000000): SELECT itemTypeID AS id, typeName AS name, custom FROM itemTypesCombined

(4)(+0000001): SELECT itemTypeID AS id, typeName AS name, custom FROM itemTypesCombined WHERE typeName IN ('webpage', 'attachment', 'note', 'annotation')

(4)(+0000000): SELECT customItemTypeID AS id, label, icon FROM customItemTypes

(4)(+0000001): SELECT * FROM fieldFormats

(4)(+0000000): SELECT * FROM fieldsCombined

(4)(+0000001): SELECT fieldID, itemTypeID FROM itemTypeFieldsCombined

(4)(+0000003): SELECT DISTINCT baseFieldID FROM baseFieldMappingsCombined

(4)(+0000001): SELECT IT.itemTypeID, F.fieldID AS baseFieldID, BFM.fieldID FROM itemTypesCombined IT LEFT JOIN fieldsCombined F LEFT JOIN baseFieldMappingsCombined BFM ON (IT.itemTypeID=BFM.itemTypeID AND F.fieldID=BFM.baseFieldID)

(4)(+0000010): SELECT DISTINCT baseFieldID FROM baseFieldMappingsCombined

(4)(+0000017): SELECT itemTypeID, baseFieldID, fieldID, fieldName FROM baseFieldMappingsCombined JOIN fieldsCombined USING (fieldID)

(4)(+0000002): SELECT DISTINCT fieldID FROM baseFieldMappingsCombined

(4)(+0000000): SELECT itemTypeID, fieldID FROM itemTypeFieldsCombined ORDER BY orderIndex

(4)(+0000004): SELECT creatorTypeID AS id, creatorType AS name FROM creatorTypes

(4)(+0000001): SELECT itemTypeID, creatorTypeID AS id, creatorType AS name, primaryField FROM itemTypeCreatorTypes NATURAL JOIN creatorTypes

(4)(+0000002): SELECT itemTypeID, creatorTypeID FROM itemTypeCreatorTypes WHERE primaryField=1

(4)(+0000001): SELECT fieldName FROM fieldsCombined WHERE fieldName NOT IN ('accessDate', 'date', 'pages', 'section','seriesNumber','issue')

(1)(+0000000): Unknown item type 'nsfReviewer'

(1)(+0000000): Unknown item type 'nsfReviewer'

(4)(+0000002): REPLACE INTO settings VALUES ('globalSchema', 'migrateExtra', 1)

(4)(+0000008): Committed DB transaction BpjvNGne

(4)(+0000000): PRAGMA foreign_keys = true